<?xml version="1.0" encoding="UTF-8"?>
<!-- Generated by org.testng.reporters.JUnitReportReporter -->
<testsuite skipped="0" hostname="DESKTOP-U3DFAR1" name="testCases.LoginWithOutFindBy" tests="1" failures="0" timestamp="2023-02-16T22:46:22 IST" time="91.156" errors="0">
  <testcase name="login" time="91.156" classname="testCases.LoginWithOutFindBy"/>
  <system-out/>
</testsuite> <!-- testCases.LoginWithOutFindBy -->
