<?xml version="1.0" encoding="UTF-8"?>
<!-- Generated by org.testng.reporters.JUnitReportReporter -->
<testsuite skipped="0" hostname="DESKTOP-U3DFAR1" name="testCases.AddCart" tests="1" failures="0" timestamp="2023-02-16T22:21:50 IST" time="38.714" errors="0">
  <testcase name="myProfile" time="38.714" classname="testCases.AddCart"/>
  <system-out/>
</testsuite> <!-- testCases.AddCart -->
