<?xml version="1.0" encoding="UTF-8"?>
<!-- Generated by org.testng.reporters.JUnitReportReporter -->
<testsuite skipped="0" hostname="DESKTOP-U3DFAR1" name="testCases.LoginPage" tests="1" failures="0" timestamp="2023-02-16T21:51:35 IST" time="25.424" errors="0">
  <testcase name="loginCreden" time="25.424" classname="testCases.LoginPage"/>
  <system-out/>
</testsuite> <!-- testCases.LoginPage -->
